2010-11-18 01:22:08 Warning: Warning (2): mysql_connect() [http://php.net/function.mysql-connect]: Access denied for user 'root'@'localhost' (using password: NO) in [/usr/share/php/cake/libs/model/datasources/dbo/dbo_mysql.php, line 540]
2010-11-18 01:22:08 Warning: Warning (2): mysql_select_db() expects parameter 2 to be resource, boolean given in [/usr/share/php/cake/libs/model/datasources/dbo/dbo_mysql.php, line 546]
2010-11-18 01:22:08 Warning: Warning (2): mysql_query() expects parameter 2 to be resource, boolean given in [/usr/share/php/cake/libs/model/datasources/dbo/dbo_mysql.php, line 588]
2010-11-18 01:22:08 Warning: Warning (2): mysql_get_server_info() expects parameter 1 to be resource, boolean given in [/usr/share/php/cake/libs/model/datasources/dbo/dbo_mysql.php, line 554]
2010-11-18 01:22:57 Warning: Warning (2): mysql_connect() [http://php.net/function.mysql-connect]: Access denied for user 'root'@'localhost' (using password: NO) in [/usr/share/php/cake/libs/model/datasources/dbo/dbo_mysql.php, line 540]
2010-11-18 01:22:57 Warning: Warning (2): mysql_select_db() expects parameter 2 to be resource, boolean given in [/usr/share/php/cake/libs/model/datasources/dbo/dbo_mysql.php, line 546]
2010-11-18 01:22:57 Warning: Warning (2): mysql_query() expects parameter 2 to be resource, boolean given in [/usr/share/php/cake/libs/model/datasources/dbo/dbo_mysql.php, line 588]
2010-11-18 01:22:57 Warning: Warning (2): mysql_get_server_info() expects parameter 1 to be resource, boolean given in [/usr/share/php/cake/libs/model/datasources/dbo/dbo_mysql.php, line 554]
2010-11-18 01:23:07 Warning: Warning (2): mysql_connect() [http://php.net/function.mysql-connect]: Access denied for user 'root'@'localhost' (using password: NO) in [/usr/share/php/cake/libs/model/datasources/dbo/dbo_mysql.php, line 540]
2010-11-18 01:23:07 Warning: Warning (2): mysql_select_db() expects parameter 2 to be resource, boolean given in [/usr/share/php/cake/libs/model/datasources/dbo/dbo_mysql.php, line 546]
2010-11-18 01:23:07 Warning: Warning (2): mysql_get_server_info() expects parameter 1 to be resource, boolean given in [/usr/share/php/cake/libs/model/datasources/dbo/dbo_mysql.php, line 554]
2010-11-18 01:23:08 Warning: Warning (2): mysql_connect() [http://php.net/function.mysql-connect]: Access denied for user 'root'@'localhost' (using password: NO) in [/usr/share/php/cake/libs/model/datasources/dbo/dbo_mysql.php, line 540]
2010-11-18 01:23:08 Warning: Warning (2): mysql_select_db() expects parameter 2 to be resource, boolean given in [/usr/share/php/cake/libs/model/datasources/dbo/dbo_mysql.php, line 546]
2010-11-18 01:23:08 Warning: Warning (2): mysql_get_server_info() expects parameter 1 to be resource, boolean given in [/usr/share/php/cake/libs/model/datasources/dbo/dbo_mysql.php, line 554]
2010-11-18 01:23:08 Warning: Warning (2): mysql_connect() [http://php.net/function.mysql-connect]: Access denied for user 'root'@'localhost' (using password: NO) in [/usr/share/php/cake/libs/model/datasources/dbo/dbo_mysql.php, line 540]
2010-11-18 01:23:08 Warning: Warning (2): mysql_select_db() expects parameter 2 to be resource, boolean given in [/usr/share/php/cake/libs/model/datasources/dbo/dbo_mysql.php, line 546]
2010-11-18 01:23:08 Warning: Warning (2): mysql_get_server_info() expects parameter 1 to be resource, boolean given in [/usr/share/php/cake/libs/model/datasources/dbo/dbo_mysql.php, line 554]
2010-11-18 01:23:08 Warning: Warning (2): mysql_connect() [http://php.net/function.mysql-connect]: Access denied for user 'root'@'localhost' (using password: NO) in [/usr/share/php/cake/libs/model/datasources/dbo/dbo_mysql.php, line 540]
2010-11-18 01:23:08 Warning: Warning (2): mysql_select_db() expects parameter 2 to be resource, boolean given in [/usr/share/php/cake/libs/model/datasources/dbo/dbo_mysql.php, line 546]
2010-11-18 01:23:08 Warning: Warning (2): mysql_get_server_info() expects parameter 1 to be resource, boolean given in [/usr/share/php/cake/libs/model/datasources/dbo/dbo_mysql.php, line 554]
2010-11-18 01:23:08 Warning: Warning (2): mysql_connect() [http://php.net/function.mysql-connect]: Access denied for user 'root'@'localhost' (using password: NO) in [/usr/share/php/cake/libs/model/datasources/dbo/dbo_mysql.php, line 540]
2010-11-18 01:23:08 Warning: Warning (2): mysql_select_db() expects parameter 2 to be resource, boolean given in [/usr/share/php/cake/libs/model/datasources/dbo/dbo_mysql.php, line 546]
2010-11-18 01:23:08 Warning: Warning (2): mysql_get_server_info() expects parameter 1 to be resource, boolean given in [/usr/share/php/cake/libs/model/datasources/dbo/dbo_mysql.php, line 554]
2010-11-18 01:23:24 Warning: Warning (2): mysql_connect() [http://php.net/function.mysql-connect]: Access denied for user 'root'@'localhost' (using password: YES) in [/usr/share/php/cake/libs/model/datasources/dbo/dbo_mysql.php, line 540]
2010-11-18 01:23:24 Warning: Warning (2): mysql_select_db() expects parameter 2 to be resource, boolean given in [/usr/share/php/cake/libs/model/datasources/dbo/dbo_mysql.php, line 546]
2010-11-18 01:23:24 Warning: Warning (2): mysql_query() expects parameter 2 to be resource, boolean given in [/usr/share/php/cake/libs/model/datasources/dbo/dbo_mysql.php, line 588]
2010-11-18 01:23:24 Warning: Warning (2): mysql_get_server_info() expects parameter 1 to be resource, boolean given in [/usr/share/php/cake/libs/model/datasources/dbo/dbo_mysql.php, line 554]
2010-11-18 01:23:25 Warning: Warning (2): mysql_connect() [http://php.net/function.mysql-connect]: Access denied for user 'root'@'localhost' (using password: YES) in [/usr/share/php/cake/libs/model/datasources/dbo/dbo_mysql.php, line 540]
2010-11-18 01:23:25 Warning: Warning (2): mysql_select_db() expects parameter 2 to be resource, boolean given in [/usr/share/php/cake/libs/model/datasources/dbo/dbo_mysql.php, line 546]
2010-11-18 01:23:25 Warning: Warning (2): mysql_query() expects parameter 2 to be resource, boolean given in [/usr/share/php/cake/libs/model/datasources/dbo/dbo_mysql.php, line 588]
2010-11-18 01:23:25 Warning: Warning (2): mysql_get_server_info() expects parameter 1 to be resource, boolean given in [/usr/share/php/cake/libs/model/datasources/dbo/dbo_mysql.php, line 554]
2010-11-18 01:23:25 Warning: Warning (2): mysql_connect() [http://php.net/function.mysql-connect]: Access denied for user 'root'@'localhost' (using password: YES) in [/usr/share/php/cake/libs/model/datasources/dbo/dbo_mysql.php, line 540]
2010-11-18 01:23:25 Warning: Warning (2): mysql_select_db() expects parameter 2 to be resource, boolean given in [/usr/share/php/cake/libs/model/datasources/dbo/dbo_mysql.php, line 546]
2010-11-18 01:23:25 Warning: Warning (2): mysql_query() expects parameter 2 to be resource, boolean given in [/usr/share/php/cake/libs/model/datasources/dbo/dbo_mysql.php, line 588]
2010-11-18 01:23:25 Warning: Warning (2): mysql_get_server_info() expects parameter 1 to be resource, boolean given in [/usr/share/php/cake/libs/model/datasources/dbo/dbo_mysql.php, line 554]
2010-11-18 01:23:25 Warning: Warning (2): mysql_connect() [http://php.net/function.mysql-connect]: Access denied for user 'root'@'localhost' (using password: YES) in [/usr/share/php/cake/libs/model/datasources/dbo/dbo_mysql.php, line 540]
2010-11-18 01:23:25 Warning: Warning (2): mysql_select_db() expects parameter 2 to be resource, boolean given in [/usr/share/php/cake/libs/model/datasources/dbo/dbo_mysql.php, line 546]
2010-11-18 01:23:25 Warning: Warning (2): mysql_query() expects parameter 2 to be resource, boolean given in [/usr/share/php/cake/libs/model/datasources/dbo/dbo_mysql.php, line 588]
2010-11-18 01:23:25 Warning: Warning (2): mysql_get_server_info() expects parameter 1 to be resource, boolean given in [/usr/share/php/cake/libs/model/datasources/dbo/dbo_mysql.php, line 554]
2010-11-18 01:27:07 Warning: Warning (2): mysql_connect() [http://php.net/function.mysql-connect]: Access denied for user 'mysql'@'localhost' (using password: NO) in [/usr/share/php/cake/libs/model/datasources/dbo/dbo_mysql.php, line 540]
2010-11-18 01:27:07 Warning: Warning (2): mysql_select_db() expects parameter 2 to be resource, boolean given in [/usr/share/php/cake/libs/model/datasources/dbo/dbo_mysql.php, line 546]
2010-11-18 01:27:07 Warning: Warning (2): mysql_query() expects parameter 2 to be resource, boolean given in [/usr/share/php/cake/libs/model/datasources/dbo/dbo_mysql.php, line 588]
2010-11-18 01:27:07 Warning: Warning (2): mysql_get_server_info() expects parameter 1 to be resource, boolean given in [/usr/share/php/cake/libs/model/datasources/dbo/dbo_mysql.php, line 554]
